0 info it worked if it ends with ok
1 verbose cli [ '/Users/jesseruder/.nvm/versions/node/v7.7.1/bin/node',
1 verbose cli   '/Users/jesseruder/.nvm/versions/node/v7.7.1/bin/npm',
1 verbose cli   'start' ]
2 info using npm@4.1.2
3 info using node@v7.7.1
4 verbose run-script [ 'prestart', 'start', 'poststart' ]
5 info lifecycle file-upload-example-backend@1.0.0~prestart: file-upload-example-backend@1.0.0
6 silly lifecycle file-upload-example-backend@1.0.0~prestart: no script for prestart, continuing
7 info lifecycle file-upload-example-backend@1.0.0~start: file-upload-example-backend@1.0.0
8 verbose lifecycle file-upload-example-backend@1.0.0~start: unsafe-perm in lifecycle true
9 verbose lifecycle file-upload-example-backend@1.0.0~start: PATH: /Users/jesseruder/.nvm/versions/node/v7.7.1/lib/node_modules/npm/bin/node-gyp-bin:/Users/jesseruder/exponent/expojam/electric-lullaby-server/node_modules/.bin:/Users/jesseruder/.nvm/versions/node/v7.7.1/bin:/Users/jesseruder/Library/Android/sdk/tools:/Users/jesseruder/Library/Android/sdk/platform-tools:/Users/jesseruder/Library/Android/sdk/build-tools/24.0.3:/usr/local/bin:/usr/bin:/bin:/usr/sbin:/sbin
10 verbose lifecycle file-upload-example-backend@1.0.0~start: CWD: /Users/jesseruder/exponent/expojam/electric-lullaby-server
11 silly lifecycle file-upload-example-backend@1.0.0~start: Args: [ '-c', 'node index.js' ]
12 silly lifecycle file-upload-example-backend@1.0.0~start: Returned: code: 1  signal: null
13 info lifecycle file-upload-example-backend@1.0.0~start: Failed to exec start script
14 verbose stack Error: file-upload-example-backend@1.0.0 start: `node index.js`
14 verbose stack Exit status 1
14 verbose stack     at EventEmitter.<anonymous> (/Users/jesseruder/.nvm/versions/node/v7.7.1/lib/node_modules/npm/lib/utils/lifecycle.js:279:16)
14 verbose stack     at emitTwo (events.js:106:13)
14 verbose stack     at EventEmitter.emit (events.js:194:7)
14 verbose stack     at ChildProcess.<anonymous> (/Users/jesseruder/.nvm/versions/node/v7.7.1/lib/node_modules/npm/lib/utils/spawn.js:40:14)
14 verbose stack     at emitTwo (events.js:106:13)
14 verbose stack     at ChildProcess.emit (events.js:194:7)
14 verbose stack     at maybeClose (internal/child_process.js:899:16)
14 verbose stack     at Process.ChildProcess._handle.onexit (internal/child_process.js:226:5)
15 verbose pkgid file-upload-example-backend@1.0.0
16 verbose cwd /Users/jesseruder/exponent/expojam/electric-lullaby-server
17 error Darwin 16.6.0
18 error argv "/Users/jesseruder/.nvm/versions/node/v7.7.1/bin/node" "/Users/jesseruder/.nvm/versions/node/v7.7.1/bin/npm" "start"
19 error node v7.7.1
20 error npm  v4.1.2
21 error code ELIFECYCLE
22 error file-upload-example-backend@1.0.0 start: `node index.js`
22 error Exit status 1
23 error Failed at the file-upload-example-backend@1.0.0 start script 'node index.js'.
23 error Make sure you have the latest version of node.js and npm installed.
23 error If you do, this is most likely a problem with the file-upload-example-backend package,
23 error not with npm itself.
23 error Tell the author that this fails on your system:
23 error     node index.js
23 error You can get information on how to open an issue for this project with:
23 error     npm bugs file-upload-example-backend
23 error Or if that isn't available, you can get their info via:
23 error     npm owner ls file-upload-example-backend
23 error There is likely additional logging output above.
24 verbose exit [ 1, true ]
